<?xml version="1.0" encoding="utf-8"?><testsuites name="pytest tests"><testsuite name="pytest" errors="0" failures="0" skipped="0" tests="5" time="3.368" timestamp="2026-05-25T10:25:22.663133+02:00" hostname="GM0G36FM"><testcase classname="test.test_api_contracts" name="test_create_scraping_job_success" time="1.430" /><testcase classname="test.test_api_contracts" name="test_create_scraping_job_invalid_job_id" time="0.016" /><testcase classname="test.test_api_contracts" name="test_create_scraping_job_missing_urls" time="0.008" /><testcase classname="test.test_api_contracts" name="test_create_scraping_job_invalid_priority" time="0.011" /><testcase classname="test.test_sqs_flow" name="test_sqs_message_enqueued" time="1.440" /></testsuite></testsuites>